\BOOKMARK [0][-]{chapter.1}{\376\377\000U\000n\000i\000d\000a\000d\000\040\0001\000:\000\040\000L\000\355\000m\000i\000t\000e}{}% 1
\BOOKMARK [1][-]{section.1.1}{\376\377\000A\000c\000o\000t\000a\000c\000i\000\363\000n}{chapter.1}% 2
\BOOKMARK [1][-]{section.1.2}{\376\377\000m\000\363\000d\000u\000l\000o\000:\000\040\000e\000q\000u\000i\000v\000a\000l\000e\000n\000c\000i\000a\000s}{chapter.1}% 3
\BOOKMARK [1][-]{section.1.3}{Entorno\040simple\040de\040centro\040a\040y\040radio\040}{chapter.1}% 4
\BOOKMARK [1][-]{section.1.4}{Entorno\040reducido\040de\040centro\040a\040y\040radio\040}{chapter.1}% 5
\BOOKMARK [1][-]{section.1.5}{\376\377\000D\000e\000f\000i\000n\000i\000c\000i\000\363\000n\000\040\000f\000o\000r\000m\000a\000l\000\040\000d\000e\000\040\000L\000\355\000m\000i\000t\000e}{chapter.1}% 6
\BOOKMARK [1][-]{section.1.6}{\376\377\000T\000e\000o\000r\000e\000m\000a\000:\000\040\000L\000\355\000m\000i\000t\000e\000s\000\040\000n\000o\000t\000a\000b\000l\000e\000s}{chapter.1}% 7
\BOOKMARK [1][-]{section.1.7}{\376\377\000T\000e\000o\000r\000e\000m\000a\000:\000\040\000\301\000l\000g\000e\000b\000r\000a\000\040\000d\000e\000\040\000l\000\355\000m\000i\000t\000e\000s}{chapter.1}% 8
\BOOKMARK [1][-]{section.1.8}{\376\377\000T\000e\000o\000r\000e\000m\000a\000:\000\040\000L\000\355\000m\000i\000t\000e\000\040\000d\000e\000\040\000c\000o\000m\000p\000o\000s\000i\000c\000i\000o\000n\000e\000s\000\040\000\050\000c\000a\000m\000b\000i\000o\000\040\000d\000e\000\040\000v\000a\000r\000i\000a\000b\000l\000e\000\051}{chapter.1}% 9
\BOOKMARK [1][-]{section.1.9}{\376\377\000F\000u\000n\000c\000i\000\363\000n\000\040\000a\000c\000o\000t\000a\000d\000a}{chapter.1}% 10
\BOOKMARK [1][-]{section.1.10}{Teorema:\0400*acotada}{chapter.1}% 11
\BOOKMARK [1][-]{section.1.11}{\376\377\000T\000e\000o\000r\000e\000m\000a\000\040\000d\000e\000\040\000i\000n\000t\000e\000r\000c\000a\000l\000a\000c\000i\000\363\000n\000\040\000\050\000s\000a\000n\000d\000w\000i\000c\000h\000\051}{chapter.1}% 12
\BOOKMARK [1][-]{section.1.12}{\376\377\000C\000a\000s\000o\000\040\000p\000a\000r\000t\000i\000c\000u\000l\000a\000r\000\040\000d\000e\000\040\000i\000n\000t\000e\000r\000c\000a\000l\000a\000c\000i\000\363\000n\000:\000\040\000l\000i\000m\000\040\000s\000e\000n\000x\000/\000x}{chapter.1}% 13
\BOOKMARK [1][-]{section.1.13}{\376\377\000L\000\355\000m\000i\000t\000e\000s\000\040\000l\000a\000t\000e\000r\000a\000l\000e\000s}{chapter.1}% 14
\BOOKMARK [2][-]{subsection.1.13.1}{\376\377\000L\000\355\000m\000i\000t\000e\000\040\000d\000e\000\040\000x\000\040\000h\000a\000c\000i\000a\000\040\000a\000\040\000p\000o\000r\000\040\000i\000z\000q\000u\000i\000e\000r\000d\000a}{section.1.13}% 15
\BOOKMARK [2][-]{subsection.1.13.2}{\376\377\000L\000\355\000m\000i\000t\000e\000\040\000d\000e\000\040\000x\000\040\000h\000a\000c\000i\000a\000\040\000a\000\040\000p\000o\000r\000\040\000d\000e\000r\000e\000c\000h\000a}{section.1.13}% 16
\BOOKMARK [2][-]{subsection.1.13.3}{\376\377\000T\000e\000o\000r\000e\000m\000a\000\040\000d\000e\000\040\000l\000\355\000m\000i\000t\000e\000s\000\040\000l\000a\000t\000e\000r\000a\000l\000e\000s}{section.1.13}% 17
\BOOKMARK [1][-]{section.1.14}{\376\377\000L\000\355\000m\000i\000t\000e\000s\000\040\000i\000n\000f\000i\000n\000i\000t\000o\000s}{chapter.1}% 18
\BOOKMARK [2][-]{subsection.1.14.1}{\376\377\000L\000\355\000m\000i\000t\000e\000\040\000i\000n\000f\000i\000n\000i\000t\000o\000\040\000p\000o\000s\000i\000t\000i\000v\000o}{section.1.14}% 19
\BOOKMARK [2][-]{subsection.1.14.2}{\376\377\000L\000\355\000m\000i\000t\000e\000\040\000i\000n\000f\000i\000n\000i\000t\000o\000\040\000n\000e\000g\000a\000t\000i\000v\000o}{section.1.14}% 20
\BOOKMARK [2][-]{subsection.1.14.3}{\376\377\000L\000\355\000m\000i\000t\000e\000\040\000i\000n\000f\000i\000n\000i\000t\000o}{section.1.14}% 21
\BOOKMARK [2][-]{subsection.1.14.4}{\376\377\000T\000e\000o\000r\000e\000m\000a\000:\000\040\000P\000r\000o\000p\000i\000e\000d\000a\000d\000\040\000d\000e\000\040\000l\000\355\000m\000i\000t\000e\000s\000\040\000i\000n\000f\000i\000n\000i\000t\000o\000s}{section.1.14}% 22
\BOOKMARK [2][-]{subsection.1.14.5}{operatoria\040con\040limites\040infinitos}{section.1.14}% 23
\BOOKMARK [1][-]{section.1.15}{Indeterminaciones}{chapter.1}% 24
\BOOKMARK [1][-]{section.1.16}{\376\377\000L\000\355\000m\000i\000t\000e\000s\000\040\000e\000n\000\040\000e\000l\000\040\000i\000n\000f\000i\000n\000i\000t\000o}{chapter.1}% 25
\BOOKMARK [2][-]{subsection.1.16.1}{\376\377\000L\000\355\000m\000i\000t\000e\000\040\000e\000n\000\040\000i\000n\000f\000i\000n\000i\000t\000o\000\040\000p\000o\000s\000i\000t\000i\000v\000o}{section.1.16}% 26
\BOOKMARK [2][-]{subsection.1.16.2}{\376\377\000L\000\355\000m\000i\000t\000e\000\040\000e\000n\000\040\000i\000n\000f\000i\000n\000i\000t\000o\000\040\000n\000e\000g\000a\000t\000i\000v\000o}{section.1.16}% 27
\BOOKMARK [2][-]{subsection.1.16.3}{\376\377\000L\000\355\000m\000i\000t\000e\000\040\000e\000n\000\040\000i\000n\000f\000i\000n\000i\000t\000o}{section.1.16}% 28
\BOOKMARK [2][-]{subsection.1.16.4}{\376\377\000O\000p\000e\000r\000a\000t\000o\000r\000i\000a\000\040\000c\000o\000n\000\040\000l\000\355\000m\000i\000t\000e\000s\000\040\000e\000n\000\040\000e\000l\000\040\000i\000n\000f\000i\000n\000i\000t\000o}{section.1.16}% 29
\BOOKMARK [1][-]{section.1.17}{\376\377\000L\000\355\000m\000i\000t\000e\000s\000\040\000f\000\040\000a\000\040\000l\000a\000\040\000g}{chapter.1}% 30
\BOOKMARK [0][-]{chapter.2}{Unidad\0402:\040Continuidad}{}% 31
\BOOKMARK [1][-]{section.2.1}{\376\377\000C\000o\000n\000t\000i\000n\000u\000i\000d\000a\000d\000\040\000d\000e\000\040\000u\000n\000a\000\040\000f\000u\000n\000c\000i\000\363\000n\000\040\000e\000n\000\040\000u\000n\000\040\000p\000u\000n\000t\000o}{chapter.2}% 32
\BOOKMARK [1][-]{section.2.2}{\376\377\000P\000r\000o\000p\000i\000e\000d\000a\000d\000e\000s\000\040\000b\000\341\000s\000i\000c\000a\000s\000\040\000d\000e\000\040\000l\000a\000\040\000c\000o\000n\000t\000i\000n\000u\000i\000d\000a\000d}{chapter.2}% 33
\BOOKMARK [1][-]{section.2.3}{Discontinuidad}{chapter.2}% 34
\BOOKMARK [1][-]{section.2.4}{Tipos\040de\040discontinuidad}{chapter.2}% 35
\BOOKMARK [2][-]{subsection.2.4.1}{Discontinuidad\040Evitable}{section.2.4}% 36
\BOOKMARK [2][-]{subsection.2.4.2}{Discontinuidad\040No\040Evitable\040o\040Escencial}{section.2.4}% 37
\BOOKMARK [1][-]{section.2.5}{Continuidad\040en\040un\040intervalo}{chapter.2}% 38
\BOOKMARK [1][-]{section.2.6}{Teorema\040de\040Bolzano}{chapter.2}% 39
\BOOKMARK [1][-]{section.2.7}{Corolario\040del\040teorema\040de\040Bolzano\040\(CTB\)}{chapter.2}% 40
\BOOKMARK [1][-]{section.2.8}{\376\377\000T\000e\000o\000r\000e\000m\000a\000\040\000d\000e\000l\000\040\000V\000a\000l\000o\000r\000\040\000I\000n\000t\000e\000r\000m\000e\000d\000i\000o\000\040\000\050\000e\000x\000t\000e\000n\000s\000i\000\363\000n\000\040\000d\000e\000\040\000B\000o\000l\000z\000a\000n\000o\000\051}{chapter.2}% 41
\BOOKMARK [1][-]{section.2.9}{Teorema\040del\040Valor\040Intermedio\040Extendido\040\(usarlo\040para\040intervalos\040abiertos\)}{chapter.2}% 42
\BOOKMARK [1][-]{section.2.10}{\376\377\000T\000e\000o\000r\000e\000m\000a\000\040\000d\000e\000l\000\040\000V\000a\000l\000o\000r\000\040\000I\000n\000t\000e\000r\000m\000e\000d\000i\000o\000\040\000p\000a\000r\000a\000\040\000l\000\355\000m\000i\000t\000e\000s\000\040\000i\000n\000f\000i\000n\000i\000t\000o\000s}{chapter.2}% 43
\BOOKMARK [0][-]{chapter.3}{Unidad\0403:\040Derivada}{}% 44
\BOOKMARK [1][-]{section.3.1}{\376\377\000f\000u\000n\000c\000i\000\363\000n\000\040\000d\000e\000r\000i\000v\000a\000d\000a}{chapter.3}% 45
\BOOKMARK [1][-]{section.3.2}{Interpretaciones}{chapter.3}% 46
\BOOKMARK [1][-]{section.3.3}{Teorema:\040derivavilidad\040implica\040continuidad}{chapter.3}% 47
\BOOKMARK [1][-]{section.3.4}{\376\377\000C\000a\000s\000o\000s\000\040\000e\000n\000\040\000l\000o\000s\000\040\000q\000u\000e\000\040\000u\000n\000a\000\040\000f\000u\000n\000c\000i\000\363\000n\000\040\000n\000o\000\040\000e\000s\000\040\000d\000e\000r\000i\000v\000a\000b\000l\000e\000\040\000e\000n\000\040\000a}{chapter.3}% 48
\BOOKMARK [1][-]{section.3.5}{Derivadas\040notables}{chapter.3}% 49
\BOOKMARK [1][-]{section.3.6}{\376\377\000T\000e\000o\000r\000e\000m\000a\000:\000\040\000R\000e\000g\000l\000a\000s\000\040\000d\000e\000\040\000d\000e\000r\000i\000v\000a\000c\000i\000\363\000n}{chapter.3}% 50
\BOOKMARK [1][-]{section.3.7}{Teorema:\040Regla\040de\040la\040cadena}{chapter.3}% 51
\BOOKMARK [1][-]{section.3.8}{Teorema:\040Derivada\040de\040fg}{chapter.3}% 52
\BOOKMARK [1][-]{section.3.9}{\376\377\000I\000n\000t\000e\000r\000v\000a\000l\000o\000\040\000d\000e\000\040\000d\000e\000r\000i\000v\000a\000c\000i\000\363\000n}{chapter.3}% 53
\BOOKMARK [1][-]{section.3.10}{\376\377\000T\000e\000o\000r\000e\000m\000a\000:\000\040\000d\000e\000r\000i\000v\000a\000d\000a\000\040\000d\000e\000\040\000u\000n\000a\000\040\000f\000u\000n\000c\000i\000\363\000n\000\040\000p\000o\000r\000\040\000t\000r\000a\000m\000o\000s}{chapter.3}% 54
\BOOKMARK [1][-]{section.3.11}{\376\377\000T\000e\000o\000r\000e\000m\000a\000:\000\040\000D\000e\000r\000i\000v\000a\000d\000a\000\040\000d\000e\000\040\000f\000u\000n\000c\000i\000\363\000n\000\040\000i\000n\000v\000e\000r\000s\000a}{chapter.3}% 55
\BOOKMARK [1][-]{section.3.12}{Derivadas\040de\040orden\040superior}{chapter.3}% 56
\BOOKMARK [2][-]{subsection.3.12.1}{2da\040derivada}{section.3.12}% 57
\BOOKMARK [2][-]{subsection.3.12.2}{\376\377\000D\000e\000r\000i\000v\000a\000d\000a\000\040\000n\000-\000\351\000s\000i\000m\000a\000,\000\040\000d\000e\000f\000i\000n\000i\000c\000i\000\363\000n\000\040\000r\000e\000c\000u\000r\000s\000i\000v\000a}{section.3.12}% 58
\BOOKMARK [2][-]{subsection.3.12.3}{\376\377\000F\000\363\000r\000m\000u\000l\000a\000s\000\040\000t\000\355\000p\000i\000c\000a\000s\000\040\000d\000e\000\040\000d\000e\000r\000i\000v\000a\000d\000a\000\040\000s\000u\000p\000e\000r\000i\000o\000r}{section.3.12}% 59
\BOOKMARK [1][-]{section.3.13}{\376\377\000D\000e\000r\000i\000v\000a\000c\000i\000\363\000n\000\040\000i\000m\000p\000l\000\355\000c\000i\000t\000a}{chapter.3}% 60
\BOOKMARK [1][-]{section.3.14}{\376\377\000A\000l\000g\000u\000n\000a\000s\000\040\000c\000o\000n\000s\000i\000d\000e\000r\000a\000c\000i\000o\000n\000e\000s\000\040\000\372\000t\000i\000l\000e\000s}{chapter.3}% 61
\BOOKMARK [2][-]{subsection.3.14.1}{Existencia\040de\040la\040derivada}{section.3.14}% 62
\BOOKMARK [2][-]{subsection.3.14.2}{\376\377\000C\000o\000n\000t\000i\000n\000u\000i\000d\000a\000d\000\040\000d\000e\000\040\000l\000a\000\040\000f\000u\000n\000c\000i\000\363\000n\000\040\000d\000e\000r\000i\000v\000a\000d\000a}{section.3.14}% 63
\BOOKMARK [0][-]{chapter.4}{\376\377\000U\000n\000i\000d\000a\000d\000\040\0004\000:\000\040\000A\000p\000l\000i\000c\000a\000c\000i\000\363\000n\000\040\000d\000e\000\040\000l\000a\000\040\000d\000e\000r\000i\000v\000a\000d\000a\000\040\000-\000\040\000T\000V\000M}{}% 64
\BOOKMARK [1][-]{section.4.1}{\376\377\000M\000\341\000x\000i\000m\000o\000s\000\040\000y\000\040\000m\000\355\000n\000i\000m\000o\000s\000\040\000\050\000l\000o\000c\000a\000l\000e\000s\000\040\000o\000\040\000r\000e\000l\000a\000t\000i\000v\000o\000s\000\051}{chapter.4}% 65
\BOOKMARK [1][-]{section.4.2}{Teorema\040de\040Fermat}{chapter.4}% 66
\BOOKMARK [1][-]{section.4.3}{Teorema\040de\040Weierstrass}{chapter.4}% 67
\BOOKMARK [1][-]{section.4.4}{Teorema\040de\040Rolle}{chapter.4}% 68
\BOOKMARK [1][-]{section.4.5}{\376\377\000C\000o\000r\000o\000l\000a\000r\000i\000o\000\040\000d\000e\000l\000\040\000T\000e\000o\000r\000e\000m\000a\000\040\000d\000e\000\040\000R\000o\000l\000l\000e\000\040\000\050\000r\000a\000\355\000c\000e\000s\000\051}{chapter.4}% 69
\BOOKMARK [1][-]{section.4.6}{Corolario\040del\040Teorema\040de\040Rolle\040\(inyectividad\)}{chapter.4}% 70
\BOOKMARK [1][-]{section.4.7}{Teorema\040de\040valor\040medio\040de\040Lagrange\040\(TVM\)}{chapter.4}% 71
\BOOKMARK [1][-]{section.4.8}{Corolarios\040triviales\040de\040TVM}{chapter.4}% 72
\BOOKMARK [1][-]{section.4.9}{\376\377\000C\000o\000r\000o\000l\000a\000r\000i\000o\000\040\000d\000e\000\040\000T\000V\000M\000:\000\040\000a\000c\000o\000t\000a\000c\000i\000\363\000n\000\040\000d\000e\000\040\000f\000u\000n\000c\000i\000o\000n\000e\000s}{chapter.4}% 73
\BOOKMARK [1][-]{section.4.10}{\376\377\000T\000e\000o\000r\000e\000m\000a\000\040\000d\000e\000\040\000v\000a\000l\000o\000r\000\040\000m\000e\000d\000i\000o\000\040\000d\000e\000\040\000C\000a\000u\000c\000h\000y\000\040\000\050\000e\000x\000t\000e\000n\000s\000i\000\363\000n\000\040\000d\000e\000\040\000L\000a\000g\000r\000a\000n\000j\000e\000\051}{chapter.4}% 74
\BOOKMARK [1][-]{section.4.11}{Regla\040de\040L'Hospital}{chapter.4}% 75
\BOOKMARK [0][-]{chapter.5}{Unidad\0405:\040Estudio\040de\040funciones}{}% 76
\BOOKMARK [1][-]{section.5.1}{\376\377\000A\000s\000\355\000n\000t\000o\000t\000a\000\040\000h\000o\000r\000i\000z\000o\000n\000t\000a\000l}{chapter.5}% 77
\BOOKMARK [1][-]{section.5.2}{\376\377\000A\000s\000\355\000n\000t\000o\000t\000a\000\040\000v\000e\000r\000t\000i\000c\000a\000l}{chapter.5}% 78
\BOOKMARK [1][-]{section.5.3}{\376\377\000A\000s\000\355\000n\000t\000o\000t\000a\000\040\000o\000b\000l\000i\000c\000u\000a}{chapter.5}% 79
\BOOKMARK [1][-]{section.5.4}{\376\377\000I\000n\000t\000e\000r\000v\000a\000l\000o\000s\000\040\000d\000e\000\040\000m\000o\000n\000o\000t\000o\000n\000\355\000a}{chapter.5}% 80
\BOOKMARK [1][-]{section.5.5}{Teorema\040de\040crecimiento}{chapter.5}% 81
\BOOKMARK [1][-]{section.5.6}{\376\377\000P\000u\000n\000t\000o\000s\000\040\000c\000r\000\355\000t\000i\000c\000o\000s}{chapter.5}% 82
\BOOKMARK [1][-]{section.5.7}{Extremos\040locales\040o\040relativos}{chapter.5}% 83
\BOOKMARK [1][-]{section.5.8}{\376\377\000T\000e\000o\000r\000e\000m\000a\000\040\000d\000e\000\040\000p\000u\000n\000t\000o\000s\000\040\000c\000r\000\355\000t\000i\000c\000o\000s\000\040\000\050\000c\000o\000n\000c\000l\000u\000s\000i\000\363\000n\000\040\000d\000e\000\040\000T\000e\000o\000r\000e\000m\000a\000\040\000d\000e\000\040\000F\000e\000r\000m\000a\000t\000\051}{chapter.5}% 84
\BOOKMARK [1][-]{section.5.9}{\376\377\000C\000r\000i\000t\000e\000r\000i\000o\000\040\000d\000e\000\040\000l\000a\000\040\0001\000\260\000\040\000d\000e\000r\000i\000v\000a\000d\000a\000\040\000p\000a\000r\000a\000\040\000e\000x\000t\000r\000e\000m\000o\000s}{chapter.5}% 85
\BOOKMARK [1][-]{section.5.10}{Concavidad}{chapter.5}% 86
\BOOKMARK [1][-]{section.5.11}{\376\377\000T\000e\000o\000r\000e\000m\000a\000\040\000d\000e\000\040\000l\000a\000\040\0002\000\260\000\040\000d\000e\000r\000i\000v\000a\000d\000a}{chapter.5}% 87
\BOOKMARK [1][-]{section.5.12}{\376\377\000P\000u\000n\000t\000o\000\040\000d\000e\000\040\000i\000n\000f\000l\000e\000x\000i\000\363\000n}{chapter.5}% 88
\BOOKMARK [1][-]{section.5.13}{\376\377\000C\000r\000i\000t\000e\000r\000i\000o\000\040\000d\000e\000\040\000l\000a\000\040\0002\000\260\000\040\000d\000e\000r\000i\000v\000a\000d\000a\000\040\000p\000a\000r\000a\000\040\000e\000x\000t\000r\000e\000m\000o\000s\000\040\000l\000o\000c\000a\000l\000e\000s}{chapter.5}% 89
\BOOKMARK [1][-]{section.5.14}{\376\377\000O\000p\000t\000i\000m\000i\000z\000a\000c\000i\000\363\000n\000\040\000d\000e\000\040\000f\000u\000n\000c\000i\000o\000n\000e\000s}{chapter.5}% 90
\BOOKMARK [2][-]{subsection.5.14.1}{Caso\0401:\040I=[a,b]\040\(Se\040puede\040aplicar\040el\040teorema\040de\040Weierstrass\)}{section.5.14}% 91
\BOOKMARK [2][-]{subsection.5.14.2}{Caso\0402:\040I=[a,b]\040\(No\040se\040puede\040aplicar\040el\040teorema\040de\040Weierstrass\)}{section.5.14}% 92
\BOOKMARK [0][-]{chapter.6}{Unidad\0406:\040Polinomio\040de\040Taylor}{}% 93
\BOOKMARK [1][-]{section.6.1}{Polinomio\040de\040Taylor}{chapter.6}% 94
\BOOKMARK [1][-]{section.6.2}{\376\377\000E\000x\000p\000r\000e\000s\000i\000\363\000n\000\040\000d\000e\000\040\000P\000o\000l\000i\000n\000o\000m\000i\000o\000\040\000d\000e\000\040\000T\000a\000y\000l\000o\000r\000\040\000d\000e\000\040\000c\000u\000a\000l\000q\000u\000i\000e\000r\000\040\000o\000r\000d\000e\000n}{chapter.6}% 95
\BOOKMARK [1][-]{section.6.3}{Propiedades}{chapter.6}% 96
\BOOKMARK [1][-]{section.6.4}{\376\377\000D\000e\000f\000i\000n\000i\000c\000i\000\363\000n\000:\000\040\000e\000x\000p\000r\000e\000s\000i\000\363\000n\000\040\000d\000e\000l\000\040\000r\000e\000s\000t\000o\000\040\000d\000e\000\040\000L\000a\000g\000r\000a\000n\000g\000e}{chapter.6}% 97
\BOOKMARK [1][-]{section.6.5}{Teorema\040del\040resto\040de\040Lagrange}{chapter.6}% 98
\BOOKMARK [0][-]{chapter.7}{\376\377\000U\000n\000i\000d\000a\000d\000\040\0007\000:\000\040\000F\000u\000n\000c\000i\000\363\000n\000\040\000P\000r\000i\000m\000i\000t\000i\000v\000a\000\040\000\050\000a\000n\000t\000i\000d\000e\000r\000i\000v\000a\000d\000a\000\051\000,\000\040\000e\000\040\000I\000n\000t\000e\000g\000r\000a\000l}{}% 99
\BOOKMARK [1][-]{section.7.1}{\376\377\000F\000u\000n\000c\000i\000\363\000n\000\040\000p\000r\000i\000m\000i\000t\000i\000v\000a}{chapter.7}% 100
\BOOKMARK [1][-]{section.7.2}{Teorema:\040Forma\040general\040de\040primitivas}{chapter.7}% 101
\BOOKMARK [1][-]{section.7.3}{Integral\040indefinida}{chapter.7}% 102
\BOOKMARK [1][-]{section.7.4}{\376\377\000P\000r\000o\000p\000i\000e\000d\000a\000d\000e\000s\000\040\000b\000\341\000s\000i\000c\000a\000s}{chapter.7}% 103
\BOOKMARK [1][-]{section.7.5}{\376\377\000T\000e\000o\000r\000e\000m\000a\000:\000\040\000M\000\351\000t\000o\000d\000o\000\040\000d\000e\000\040\000s\000u\000s\000t\000i\000t\000u\000c\000i\000\363\000n}{chapter.7}% 104
\BOOKMARK [1][-]{section.7.6}{\376\377\000T\000e\000o\000r\000e\000m\000a\000:\000\040\000I\000n\000t\000e\000g\000r\000a\000c\000i\000\363\000n\000\040\000p\000o\000r\000\040\000p\000a\000r\000t\000e\000s}{chapter.7}% 105
\BOOKMARK [1][-]{section.7.7}{\376\377\000T\000e\000o\000r\000e\000m\000a\000:\000\040\000E\000x\000p\000a\000n\000s\000i\000\363\000n\000\040\000e\000n\000\040\000f\000r\000a\000c\000c\000i\000o\000n\000e\000s\000\040\000s\000i\000m\000p\000l\000e\000s}{chapter.7}% 106
\BOOKMARK [0][-]{chapter.8}{Unidad\0408:\040Integral\040definida\040\(integral\040de\040Riemann\)}{}% 107
\BOOKMARK [1][-]{section.8.1}{\376\377\000A\000p\000r\000o\000x\000i\000m\000a\000c\000i\000\363\000n\000\040\000a\000l\000\040\000\341\000r\000e\000a\000\040\000y\000\040\000P\000a\000r\000t\000i\000c\000i\000\363\000n\000\040\000d\000e\000\040\000u\000n\000\040\000i\000n\000t\000e\000r\000v\000a\000l\000o}{chapter.8}% 108
\BOOKMARK [1][-]{section.8.2}{Integral\040de\040Riemann}{chapter.8}% 109
\BOOKMARK [1][-]{section.8.3}{Teorema\040de\040integrabilidad}{chapter.8}% 110
\BOOKMARK [1][-]{section.8.4}{Propiedades\040de\040la\040integral\040definida}{chapter.8}% 111
\BOOKMARK [1][-]{section.8.5}{\376\377\000I\000n\000t\000e\000r\000p\000r\000e\000t\000a\000c\000i\000o\000n\000e\000s\000\040\000g\000e\000o\000m\000\351\000t\000r\000i\000c\000a\000s}{chapter.8}% 112
\BOOKMARK [1][-]{section.8.6}{Teorema\040del\040Valor\040Medio\040para\040integrales\040\(TVMI\)}{chapter.8}% 113
\BOOKMARK [1][-]{section.8.7}{\376\377\000T\000e\000o\000r\000e\000m\000a\000\040\000f\000u\000n\000d\000a\000m\000e\000n\000t\000a\000l\000\040\000d\000e\000l\000\040\000C\000\341\000l\000c\000u\000l\000o}{chapter.8}% 114
\BOOKMARK [1][-]{section.8.8}{\376\377\000T\000e\000o\000r\000e\000m\000a\000\040\000f\000u\000n\000d\000a\000m\000e\000n\000t\000a\000l\000\040\000d\000e\000l\000\040\000c\000\341\000l\000c\000u\000l\000o\000\040\000e\000x\000t\000e\000n\000d\000i\000d\000o}{chapter.8}% 115
\BOOKMARK [1][-]{section.8.9}{Teorema:\040Regla\040de\040Barrow}{chapter.8}% 116
\BOOKMARK [1][-]{section.8.10}{Teorema:\040Cambio\040de\040variable}{chapter.8}% 117
\BOOKMARK [1][-]{section.8.11}{Teorema\040de\040'Bolzano'\040para\040integrales}{chapter.8}% 118
\BOOKMARK [1][-]{section.8.12}{Teorema\040de\040'Cauchy'\040para\040integrales}{chapter.8}% 119
\BOOKMARK [0][-]{chapter.9}{Unidad\0409:\040Aplicaciones\040de\040la\040integral\040definida}{}% 120
\BOOKMARK [1][-]{section.9.1}{\376\377\000C\000\341\000l\000c\000u\000l\000o\000\040\000d\000e\000\040\000\341\000r\000e\000a\000s}{chapter.9}% 121
\BOOKMARK [1][-]{section.9.2}{Derivada\040en\040un\040intervalo\040cerrado}{chapter.9}% 122
\BOOKMARK [1][-]{section.9.3}{Longitud\040de\040arco}{chapter.9}% 123
